898e47e7-4b66-4bed-a8fe-591069cdf0cf:1731083334612:0:F:WITH base (raw_vector) as (\n      values ('[0,0]'),('[3,4]'),('[5,12]'),('[6,8]'),('[9,12]'),('[15,20]')\n), vector_base AS (\n     select \n     to_vector(raw_vector,*,int8) as my_vector\n     , to_vector ('[0,0]',*,int8) as origin\n     from base\n), comparisons as (\n      select my_vector\n            ,origin\n            ,vector_norm(my_vector) as magnitude\n            , ##REPLACE## as distance\n      from vector_base\n)\nselect origin\n      ,my_vector\n      ,magnitude\n      ,distance\n      ,to_char(magnitude - distance = 0) as distance_is_norm\n  from comparisons\n  /
d47bf66c-9af3-406f-886a-8fd197a1ecf1:1731083335304:0:S:PROMPT
51eef644-6763-4eb3-aedf-3a10c5d0fe69:1731083335351:0:S:PROMPT CHOICE 1
2e200602-0ac7-43ed-8510-8c2524c2fa83:1731083335402:0:S:PROMPT
62f7e61f-5f7e-4672-a146-543e7a6d244b:1731083335653:363:S:WITH base (raw_vector) as (\n      values ('[0,0]'),('[3,4]'),('[5,12]'),('[6,8]'),('[9,12]'),('[15,20]')\n), vector_base AS (\n     select \n     to_vector(raw_vector,*,int8) as my_vector\n     , to_vector ('[0,0]',*,int8) as origin\n     from base\n), comparisons as (\n      select my_vector\n            ,origin\n            ,vector_norm(my_vector) as magnitude\n            ,vector_distance(origin, my_vector) as distance\n      from vector_base\n)\nselect origin\n      ,my_vector\n      ,magnitude\n      ,distance\n      ,to_char(magnitude - distance = 0) as distance_is_norm\n  from comparisons;
6a529e9d-e2a8-4af6-bffb-7a0868b37204:1731083336096:0:S:PROMPT
86299362-a29c-4687-8e49-9f480b37f510:1731083336139:0:S:PROMPT CHOICE 2
5bc231a6-ce6b-4da1-803b-a791783286a2:1731083336184:0:S:PROMPT
d71ac22c-4c60-43b4-93f1-e0b92a964ba9:1731083336417:0:F:WITH base (raw_vector) as (\n      values ('[0,0]'),('[3,4]'),('[5,12]'),('[6,8]'),('[9,12]'),('[15,20]')\n), vector_base AS (\n     select \n     to_vector(raw_vector,*,int8) as my_vector\n     , to_vector ('[0,0]',*,int8) as origin\n     from base\n), comparisons as (\n      select my_vector\n            ,origin\n            ,vector_norm(my_vector) as magnitude\n            ,vector_distance(origin, my_vector, manhatten) as distance\n      from vector_base\n)\nselect origin\n      ,my_vector\n      ,magnitude\n      ,distance\n      ,to_char(magnitude - distance = 0) as distance_is_norm\n  from comparisons;
73ff6611-d4c9-42cf-9188-a3c3e42652f8:1731083336990:0:S:PROMPT
dedbea4b-e830-4490-8d91-eb7d681690be:1731083337036:0:S:PROMPT CHOICE 3
dc6c9ce3-4db3-42d6-aa49-ea7e15fc028f:1731083337079:0:S:PROMPT
b091e6d9-5906-47cb-ac1e-3df3ec163761:1731083337315:294:S:WITH base (raw_vector) as (\n      values ('[0,0]'),('[3,4]'),('[5,12]'),('[6,8]'),('[9,12]'),('[15,20]')\n), vector_base AS (\n     select \n     to_vector(raw_vector,*,int8) as my_vector\n     , to_vector ('[0,0]',*,int8) as origin\n     from base\n), comparisons as (\n      select my_vector\n            ,origin\n            ,vector_norm(my_vector) as magnitude\n            ,sqrt(origin <=> my_vector) as distance\n      from vector_base\n)\nselect origin\n      ,my_vector\n      ,magnitude\n      ,distance\n      ,to_char(magnitude - distance = 0) as distance_is_norm\n  from comparisons;
1e519674-8923-48d6-9231-c648fb46da2e:1731083337692:0:S:PROMPT
d5c7052f-9450-4cd3-b51b-91dbdf71f747:1731083337744:0:S:PROMPT CHOICE 4
d24dd7c4-464c-45c8-bbc8-5656670001f6:1731083337792:0:S:PROMPT
ff740660-d738-4b74-b564-9fbe8fd3f16a:1731083338027:298:S:WITH base (raw_vector) as (\n      values ('[0,0]'),('[3,4]'),('[5,12]'),('[6,8]'),('[9,12]'),('[15,20]')\n), vector_base AS (\n     select \n     to_vector(raw_vector,*,int8) as my_vector\n     , to_vector ('[0,0]',*,int8) as origin\n     from base\n), comparisons as (\n      select my_vector\n            ,origin\n            ,vector_norm(my_vector) as magnitude\n            ,vector_distance(origin,my_vector,hamming) as distance\n      from vector_base\n)\nselect origin\n      ,my_vector\n      ,magnitude\n      ,distance\n      ,to_char(magnitude - distance = 0) as distance_is_norm\n  from comparisons;
a8dd5627-c88f-4be7-b05b-dfcd0171d1b2:1731083338440:0:S:PROMPT
5f6d2598-9e69-4916-ac85-7ba2cab3ab14:1731083338488:0:S:PROMPT CHOICE 5
4f5d00de-0beb-4517-a052-444eded5dc49:1731083338534:0:S:PROMPT
6d7438c1-4c66-4a2c-ae22-cc403572a22c:1731083338742:290:S:WITH base (raw_vector) as (\n      values ('[0,0]'),('[3,4]'),('[5,12]'),('[6,8]'),('[9,12]'),('[15,20]')\n), vector_base AS (\n     select \n     to_vector(raw_vector,*,int8) as my_vector\n     , to_vector ('[0,0]',*,int8) as origin\n     from base\n), comparisons as (\n      select my_vector\n            ,origin\n            ,vector_norm(my_vector) as magnitude\n            , vector_distance(origin, my_vector) as distance\n      from vector_base\n)\nselect origin\n      ,my_vector\n      ,magnitude\n      ,distance\n      ,to_char(magnitude - distance = 0) as distance_is_norm\n  from comparisons;
debff718-73fc-4423-8223-321265e6317c:1731083339145:0:S:PROMPT
05f9ed58-6762-4025-9247-66cc87370a52:1731083339190:0:S:PROMPT CHOICE 6
ac7d8cce-e351-44c7-a573-0978749f8c40:1731083339234:0:S:PROMPT
023f1408-6be3-4d8a-8f2b-08d35261e200:1731083339423:291:S:WITH base (raw_vector) as (\n      values ('[0,0]'),('[3,4]'),('[5,12]'),('[6,8]'),('[9,12]'),('[15,20]')\n), vector_base AS (\n     select \n     to_vector(raw_vector,*,int8) as my_vector\n     , to_vector ('[0,0]',*,int8) as origin\n     from base\n), comparisons as (\n      select my_vector\n            ,origin\n            ,vector_norm(my_vector) as magnitude\n            , vector_distance(origin, my_vector) as distance\n      from vector_base\n)\nselect origin\n      ,my_vector\n      ,magnitude\n      ,distance\n      ,to_char(magnitude - distance = 0) as distance_is_norm\n  from comparisons;
13816723-c7e1-4e0f-99e3-f28049fb1dea:1731083339795:0:S:PROMPT
e11b6158-a008-464d-a2aa-9d6fbf4ae57e:1731083339841:0:S:PROMPT CHOICE 7
d3574a32-17ab-42ba-8c32-4bd6551468f1:1731083339883:0:S:PROMPT
073b12fe-bece-425e-9e74-c5809b70a437:1731083340093:288:S:WITH base (raw_vector) as (\n      values ('[0,0]'),('[3,4]'),('[5,12]'),('[6,8]'),('[9,12]'),('[15,20]')\n), vector_base AS (\n     select \n     to_vector(raw_vector,*,int8) as my_vector\n     , to_vector ('[0,0]',*,int8) as origin\n     from base\n), comparisons as (\n      select my_vector\n            ,origin\n            ,vector_norm(my_vector) as magnitude\n            , vector_distance(origin, my_vector) as distance\n      from vector_base\n)\nselect origin\n      ,my_vector\n      ,magnitude\n      ,distance\n      ,to_char(magnitude - distance = 0) as distance_is_norm\n  from comparisons;
82f154e3-3a55-42b1-80cb-a9308819c341:1731083340457:0:S:PROMPT
033b05de-cc02-4958-bdf9-1aaafa6e5f49:1731083340498:0:S:PROMPT CHOICE 8
22a0778c-5da0-41cf-ba82-fade8f22628c:1731083340542:0:S:PROMPT
80558caa-3695-470c-abfc-3b9bf0271612:1731083340742:299:S:WITH base (raw_vector) as (\n      values ('[0,0]'),('[3,4]'),('[5,12]'),('[6,8]'),('[9,12]'),('[15,20]')\n), vector_base AS (\n     select \n     to_vector(raw_vector,*,int8) as my_vector\n     , to_vector ('[0,0]',*,int8) as origin\n     from base\n), comparisons as (\n      select my_vector\n            ,origin\n            ,vector_norm(my_vector) as magnitude\n            , vector_distance(origin, my_vector) as distance\n      from vector_base\n)\nselect origin\n      ,my_vector\n      ,magnitude\n      ,distance\n      ,to_char(magnitude - distance = 0) as distance_is_norm\n  from comparisons;
c6c6c729-56bf-443c-8a02-06320c031b12:1731083341118:0:S:PROMPT
009a9e86-b960-463e-9267-df139cfb33b5:1731083341159:0:S:PROMPT CHOICE 9
af40c2b6-e15c-41f0-937f-89650875bd8b:1731083341201:0:S:PROMPT
bfed5d15-2e28-4d6c-b2e9-7a281574a3e3:1731083341383:288:S:WITH base (raw_vector) as (\n      values ('[0,0]'),('[3,4]'),('[5,12]'),('[6,8]'),('[9,12]'),('[15,20]')\n), vector_base AS (\n     select \n     to_vector(raw_vector,*,int8) as my_vector\n     , to_vector ('[0,0]',*,int8) as origin\n     from base\n), comparisons as (\n      select my_vector\n            ,origin\n            ,vector_norm(my_vector) as magnitude\n            , vector_distance(origin, my_vector) as distance\n      from vector_base\n)\nselect origin\n      ,my_vector\n      ,magnitude\n      ,distance\n      ,to_char(magnitude - distance = 0) as distance_is_norm\n  from comparisons;
006b4c4e-3b94-4558-a632-15109f0caa0f:1731083341787:0:S:PROMPT
2a093973-735d-4e7d-a242-52a133ff0fd9:1731083341827:0:S:PROMPT CHOICE 10
0371ec56-4a1f-47ff-96c0-6ecd4535dd76:1731083341868:0:S:PROMPT
84a7c279-5a01-43c0-a68d-2feda70f3aaf:1731083342056:299:S:WITH base (raw_vector) as (\n      values ('[0,0]'),('[3,4]'),('[5,12]'),('[6,8]'),('[9,12]'),('[15,20]')\n), vector_base AS (\n     select \n     to_vector(raw_vector,*,int8) as my_vector\n     , to_vector ('[0,0]',*,int8) as origin\n     from base\n), comparisons as (\n      select my_vector\n            ,origin\n            ,vector_norm(my_vector) as magnitude\n            , vector_distance(origin, my_vector) as distance\n      from vector_base\n)\nselect origin\n      ,my_vector\n      ,magnitude\n      ,distance\n      ,to_char(magnitude - distance = 0) as distance_is_norm\n  from comparisons;
56fae871-a229-4acf-97cb-5eaecd9a2e7b:1731083342472:0:S:PROMPT
0a5d0ef9-f8e4-4b58-a814-8154acb68591:1731083342517:0:S:PROMPT CHOICE 11
3d14e4ec-a838-469e-a956-ad8f6ccda926:1731083342557:0:S:PROMPT
35c117cf-47df-46db-bc45-f4f24cd0dcf1:1731083342733:297:S:WITH base (raw_vector) as (\n      values ('[0,0]'),('[3,4]'),('[5,12]'),('[6,8]'),('[9,12]'),('[15,20]')\n), vector_base AS (\n     select \n     to_vector(raw_vector,*,int8) as my_vector\n     , to_vector ('[0,0]',*,int8) as origin\n     from base\n), comparisons as (\n      select my_vector\n            ,origin\n            ,vector_norm(my_vector) as magnitude\n            , vector_distance(origin, my_vector) as distance\n      from vector_base\n)\nselect origin\n      ,my_vector\n      ,magnitude\n      ,distance\n      ,to_char(magnitude - distance = 0) as distance_is_norm\n  from comparisons;
9a1b95b2-cf8c-4e56-9cff-f4de26d79d41:1731083343109:0:S:PROMPT
bb54164a-aee5-4fe6-ac67-947c227249dd:1731083343157:0:S:PROMPT CHOICE 12
d04cf9d2-47be-4d92-b592-da5d22db8264:1731083343204:0:S:PROMPT
71206bd0-d53a-4d76-b035-67508f5ca08c:1731083343388:297:S:WITH base (raw_vector) as (\n      values ('[0,0]'),('[3,4]'),('[5,12]'),('[6,8]'),('[9,12]'),('[15,20]')\n), vector_base AS (\n     select \n     to_vector(raw_vector,*,int8) as my_vector\n     , to_vector ('[0,0]',*,int8) as origin\n     from base\n), comparisons as (\n      select my_vector\n            ,origin\n            ,vector_norm(my_vector) as magnitude\n            , vector_distance(origin, my_vector) as distance\n      from vector_base\n)\nselect origin\n      ,my_vector\n      ,magnitude\n      ,distance\n      ,to_char(magnitude - distance = 0) as distance_is_norm\n  from comparisons;
77e7a6b9-2345-48f6-a024-8d6935204fc3:1731083343762:0:S:PROMPT
6ba229db-6198-42de-ac6e-ff091e7c5615:1731083343809:0:S:PROMPT CHOICE 13
fdf5aaf5-4a0d-4c93-8533-3ff1c16e8459:1731083343851:0:S:PROMPT
ad2aedb8-06eb-471a-825c-2dedf8777ee0:1731083344025:307:S:WITH base (raw_vector) as (\n      values ('[0,0]'),('[3,4]'),('[5,12]'),('[6,8]'),('[9,12]'),('[15,20]')\n), vector_base AS (\n     select \n     to_vector(raw_vector,*,int8) as my_vector\n     , to_vector ('[0,0]',*,int8) as origin\n     from base\n), comparisons as (\n      select my_vector\n            ,origin\n            ,vector_norm(my_vector) as magnitude\n            , vector_distance(origin, my_vector) as distance\n      from vector_base\n)\nselect origin\n      ,my_vector\n      ,magnitude\n      ,distance\n      ,to_char(magnitude - distance = 0) as distance_is_norm\n  from comparisons;
72a3a385-0508-4109-92ca-448c8b84b430:1731083344410:0:S:PROMPT
49ebaf1b-fa41-434c-9b1c-5bd0089897b0:1731083344454:0:S:PROMPT CHOICE 14
d572c2d9-6d43-4610-905d-5d52a0c1d320:1731083344498:0:S:PROMPT
278494e0-eaab-442f-879b-27dd1316c26e:1731083344695:288:S:WITH base (raw_vector) as (\n      values ('[0,0]'),('[3,4]'),('[5,12]'),('[6,8]'),('[9,12]'),('[15,20]')\n), vector_base AS (\n     select \n     to_vector(raw_vector,*,int8) as my_vector\n     , to_vector ('[0,0]',*,int8) as origin\n     from base\n), comparisons as (\n      select my_vector\n            ,origin\n            ,vector_norm(my_vector) as magnitude\n            , vector_distance(origin, my_vector) as distance\n      from vector_base\n)\nselect origin\n      ,my_vector\n      ,magnitude\n      ,distance\n      ,to_char(magnitude - distance = 0) as distance_is_norm\n  from comparisons;
